
https://www.footballpakistan.com/2021/05/fifa-or-no-fifa-football-will-flourish-in-pakistan-ashfaq-the-news/
https://www.footballpakistan.com/2021/05/fifa-or-no-fifa-football-will-flourish-in-pakistan-ashfaq-the-news/
https://www.footballpakistan.com/2021/05/akhtar-mohiuddin-to-be-honoured-by-ig-motorway-police-the-news/
https://www.footballpakistan.com/2021/05/akhtar-mohiuddin-to-be-honoured-by-ig-motorway-police-the-news/
https://www.footballpakistan.com/2021/05/psb-dg-confident-football-issue-will-be-resolved-soon-the-news/
https://www.footballpakistan.com/2021/05/psb-dg-confident-football-issue-will-be-resolved-soon-the-news/
https://www.footballpakistan.com/2021/05/bfa-urges-stakeholders-to-save-pak-football-from-further-damage-the-news/
https://www.footballpakistan.com/2021/05/bfa-urges-stakeholders-to-save-pak-football-from-further-damage-the-news/
https://www.footballpakistan.com/2021/05/ashfaq-rejects-ncs-claim-about-fifa-congress-decision-the-news/
https://www.footballpakistan.com/2021/05/ashfaq-rejects-ncs-claim-about-fifa-congress-decision-the-news/
https://www.footballpakistan.com/2021/05/footballers-in-pakistan-struggling-to-survive-nasir-ismail-the-news/
https://www.footballpakistan.com/2021/05/suspension-on-pakistan-ratified-by-fifa-congress-dawn/
https://www.footballpakistan.com/2021/05/footballers-in-pakistan-struggling-to-survive-nasir-ismail-the-news/
https://www.footballpakistan.com/2021/05/i-took-advice-but-didnt-necessarily-act-on-it-says-ex-pff-secretary-dawn/
https://www.footballpakistan.com/2021/05/suspension-on-pakistan-ratified-by-fifa-congress-dawn/
https://www.footballpakistan.com/2021/05/fifa-ratifies-pakistans-suspension-the-news/
https://www.footballpakistan.com/2021/05/i-took-advice-but-didnt-necessarily-act-on-it-says-ex-pff-secretary-dawn/
https://www.footballpakistan.com/2021/05/fifa-ratifies-pakistans-suspension-the-news/
https://www.footballpakistan.com/2021/05/efforts-on-to-keep-pakistan-away-from-fifa-ban-the-news/
https://www.footballpakistan.com/2021/05/efforts-on-to-keep-pakistan-away-from-fifa-ban-the-news/
https://www.footballpakistan.com/2021/05/ashfaqs-pff-announces-holding-of-franchise-league-in-december-dawn/
https://www.footballpakistan.com/2021/05/when-the-ball-stops-rolling-express-tribune/
https://www.footballpakistan.com/2021/05/the-unending-saga-of-pakistan-football-tns/
https://www.footballpakistan.com/2021/05/first-ever-professional-football-league-in-karachi-in-december-the-news/
https://www.footballpakistan.com/2021/05/fifas-unusual-silence-on-pff-nc-and-its-issues-is-deafening-dawn/
https://www.footballpakistan.com/2021/05/ashfaq-shah-calls-pff-meeting-the-news/