
https://www.footballpakistan.com/2021/03/pakistan-set-for-suspension-as-fifa-issues-ultimatum-to-ashfaq-group-dawn/
https://www.footballpakistan.com/2021/03/fifa-letter-warns-of-ban-if-pff-house-not-returned-to-nc/
https://www.footballpakistan.com/2021/03/haroon-says-he-is-ready-for-dialogue-the-news/
https://www.footballpakistan.com/2021/03/how-the-hostile-takeover-of-pff-headquarters-unfolded-samaa/
https://www.footballpakistan.com/2021/03/football-circus-continues-express-tribune/
https://www.footballpakistan.com/2021/03/as-pff-nc-stops-womens-championship-ashfaq-group-presses-ahead-with-it-dawn/
https://www.footballpakistan.com/2021/03/incompetent-corrupt-people-destroying-pak-football-faisal-the-news/
https://www.footballpakistan.com/2021/03/national-women-football-to-be-completed-decides-ashfaq-led-pff-the-news/
https://www.footballpakistan.com/2021/03/zahir-condemns-occupation-the-news/
https://www.footballpakistan.com/2021/03/pff-normalisation-committee-issues-statement-on-pff-house-takeover/
https://www.footballpakistan.com/2021/05/pick-football-over-politics-says-saadullah-express-tribune/
https://www.footballpakistan.com/2021/05/football-row-may-lead-to-tougher-sanctions-haroon-the-news/
https://www.footballpakistan.com/2021/05/ipc-minister-psb-dg-hold-meeting-with-pff-nc-chief-dawn/
https://www.footballpakistan.com/2021/05/pff-nc-should-tell-clearly-what-role-it-wants-govt-to-play-in-resolving-football-crisis-ipc-minister-dawn/
https://www.footballpakistan.com/2021/05/nc-willing-to-hold-pff-elections-in-six-to-eight-months-the-news/
https://www.footballpakistan.com/2021/05/futsal-filling-vacuum-left-by-football-express-tribune/
https://www.footballpakistan.com/2021/05/mohsen-emerges-from-the-shadows-with-plans-to-resolve-pff-crisis-dawn/
https://www.footballpakistan.com/2021/05/psb-chief-asif-zaman-wants-pff-row-amicably-resolved-dawn/
https://www.footballpakistan.com/2021/04/ashfaq-informs-ipc-minister-about-conditions-for-handover-of-pff-hq-to-nc-dawn/
https://www.footballpakistan.com/2021/04/psb-dg-to-meet-ashfaq-today-to-end-pff-stalemate-the-news/
https://www.footballpakistan.com/2021/05/suspension-on-pakistan-ratified-by-fifa-congress-dawn/
https://www.footballpakistan.com/2021/05/i-took-advice-but-didnt-necessarily-act-on-it-says-ex-pff-secretary-dawn/
https://www.footballpakistan.com/2021/05/fifa-ratifies-pakistans-suspension-the-news/
https://www.footballpakistan.com/2021/05/efforts-on-to-keep-pakistan-away-from-fifa-ban-the-news/
https://www.footballpakistan.com/2021/05/palestine-situation-is-heart-breaking-adil-express-tribune/
https://www.footballpakistan.com/2021/05/presenting-damning-evidence-ashfaq-group-lays-into-pff-ncs-working-dawn/
https://www.footballpakistan.com/2021/05/mohsin-gilani-behind-football-turmoil-in-pakistan-claims-ashfaq-group-the-nation/
https://www.footballpakistan.com/2021/05/ashfaq-group-wont-give-pff-control-to-fifa-nc-the-news/